2022-05-13 15:31:35.165 [main] INFO  c.f.c.ClientHardwareDeviceApplication - Starting ClientHardwareDeviceApplication using Java 1.8.0_291 on pengxingdongdeMacBook-Pro.local with PID 12346 (/Users/peng/Documents/fengque_work/client-hardware-device/target/classes started by peng in /Users/peng/Documents/fengque_work/client-hardware-device)
2022-05-13 15:31:35.169 [main] INFO  c.f.c.ClientHardwareDeviceApplication - No active profile set, falling back to 1 default profile: "default"
2022-05-13 15:31:36.309 [main] INFO  o.s.boot.web.embedded.tomcat.TomcatWebServer - Tomcat initialized with port(s): 9527 (http)
2022-05-13 15:31:36.321 [main] INFO  org.apache.coyote.http11.Http11NioProtocol - Initializing ProtocolHandler ["http-nio-9527"]
2022-05-13 15:31:36.322 [main] INFO  org.apache.catalina.core.StandardService - Starting service [Tomcat]
2022-05-13 15:31:36.322 [main] INFO  org.apache.catalina.core.StandardEngine - Starting Servlet engine: [Apache Tomcat/9.0.62]
2022-05-13 15:31:36.451 [main] INFO  o.a.c.core.ContainerBase.[Tomcat].[localhost].[/] - Initializing Spring embedded WebApplicationContext
2022-05-13 15:31:36.451 [main] INFO  o.s.b.w.s.c.ServletWebServerApplicationContext - Root WebApplicationContext: initialization completed in 1220 ms
2022-05-13 15:31:37.017 [main] INFO  org.apache.coyote.http11.Http11NioProtocol - Starting ProtocolHandler ["http-nio-9527"]
2022-05-13 15:31:37.055 [main] INFO  o.s.boot.web.embedded.tomcat.TomcatWebServer - Tomcat started on port(s): 9527 (http) with context path ''
2022-05-13 15:31:37.073 [main] INFO  c.f.c.ClientHardwareDeviceApplication - Started ClientHardwareDeviceApplication in 2.679 seconds (JVM running for 3.538)
2022-05-13 15:31:39.005 [scheduling-1] INFO  c.f.c.handler.GlobalExceptionHandler - 文件不存在
2022-05-13 15:31:42.003 [scheduling-1] INFO  c.f.c.handler.GlobalExceptionHandler - 文件不存在
2022-05-13 15:31:45.004 [scheduling-1] INFO  c.f.c.handler.GlobalExceptionHandler - 文件不存在
2022-05-13 15:31:48.002 [scheduling-1] INFO  c.f.c.handler.GlobalExceptionHandler - 文件不存在
2022-05-13 15:55:08.655 [main] INFO  c.f.c.ClientHardwareDeviceApplication - Starting ClientHardwareDeviceApplication using Java 1.8.0_291 on pengxingdongdeMacBook-Pro.local with PID 21924 (/Users/peng/Documents/fengque_work/client-hardware-device/target/classes started by peng in /Users/peng/Documents/fengque_work/client-hardware-device)
2022-05-13 15:55:08.659 [main] INFO  c.f.c.ClientHardwareDeviceApplication - No active profile set, falling back to 1 default profile: "default"
2022-05-13 15:55:09.958 [main] INFO  o.s.boot.web.embedded.tomcat.TomcatWebServer - Tomcat initialized with port(s): 9527 (http)
2022-05-13 15:55:10.113 [main] INFO  o.s.b.w.s.c.ServletWebServerApplicationContext - Root WebApplicationContext: initialization completed in 1395 ms
2022-05-13 15:55:10.589 [main] INFO  o.s.boot.web.embedded.tomcat.TomcatWebServer - Tomcat started on port(s): 9527 (http) with context path ''
2022-05-13 15:55:10.604 [main] INFO  c.f.c.ClientHardwareDeviceApplication - Started ClientHardwareDeviceApplication in 2.642 seconds (JVM running for 3.508)
2022-05-13 16:00:57.649 [main] INFO  c.f.c.ClientHardwareDeviceApplication - Starting ClientHardwareDeviceApplication using Java 1.8.0_291 on pengxingdongdeMacBook-Pro.local with PID 24320 (/Users/peng/Documents/fengque_work/client-hardware-device/target/classes started by peng in /Users/peng/Documents/fengque_work/client-hardware-device)
2022-05-13 16:00:57.654 [main] INFO  c.f.c.ClientHardwareDeviceApplication - No active profile set, falling back to 1 default profile: "default"
2022-05-13 16:00:58.851 [main] INFO  o.s.boot.web.embedded.tomcat.TomcatWebServer - Tomcat initialized with port(s): 9527 (http)
2022-05-13 16:00:58.864 [main] INFO  org.apache.coyote.http11.Http11NioProtocol - Initializing ProtocolHandler ["http-nio-9527"]
2022-05-13 16:00:58.865 [main] INFO  org.apache.catalina.core.StandardService - Starting service [Tomcat]
2022-05-13 16:00:58.865 [main] INFO  org.apache.catalina.core.StandardEngine - Starting Servlet engine: [Apache Tomcat/9.0.62]
2022-05-13 16:00:58.998 [main] INFO  o.a.c.core.ContainerBase.[Tomcat].[localhost].[/] - Initializing Spring embedded WebApplicationContext
2022-05-13 16:00:58.998 [main] INFO  o.s.b.w.s.c.ServletWebServerApplicationContext - Root WebApplicationContext: initialization completed in 1277 ms
2022-05-13 16:00:59.499 [main] INFO  org.apache.coyote.http11.Http11NioProtocol - Starting ProtocolHandler ["http-nio-9527"]
2022-05-13 16:00:59.532 [main] INFO  o.s.boot.web.embedded.tomcat.TomcatWebServer - Tomcat started on port(s): 9527 (http) with context path ''
2022-05-13 16:00:59.546 [main] INFO  c.f.c.ClientHardwareDeviceApplication - Started ClientHardwareDeviceApplication in 2.757 seconds (JVM running for 3.575)
2022-05-13 16:01:13.936 [scheduling-1] ERROR c.f.c.handler.GlobalExceptionHandler - null
org.json.simple.parser.ParseException: null
	at org.json.simple.parser.Yylex.yylex(Yylex.java:610)
	at org.json.simple.parser.JSONParser.nextToken(JSONParser.java:269)
	at org.json.simple.parser.JSONParser.parse(JSONParser.java:118)
	at org.json.simple.parser.JSONParser.parse(JSONParser.java:92)
	at com.fontre.clienthardwaredevice.job.OnekeySwitchJob.readJSON(OnekeySwitchJob.java:62)
	at sun.reflect.NativeMethodAccessorImpl.invoke0(Native Method)
	at sun.reflect.NativeMethodAccessorImpl.invoke(NativeMethodAccessorImpl.java:62)
	at sun.reflect.DelegatingMethodAccessorImpl.invoke(DelegatingMethodAccessorImpl.java:43)
	at java.lang.reflect.Method.invoke(Method.java:498)
	at org.springframework.scheduling.support.ScheduledMethodRunnable.run(ScheduledMethodRunnable.java:84)
	at org.springframework.scheduling.support.DelegatingErrorHandlingRunnable.run(DelegatingErrorHandlingRunnable.java:54)
	at org.springframework.scheduling.concurrent.ReschedulingRunnable.run(ReschedulingRunnable.java:95)
	at java.util.concurrent.Executors$RunnableAdapter.call(Executors.java:511)
	at java.util.concurrent.FutureTask.run$$$capture(FutureTask.java:266)
	at java.util.concurrent.FutureTask.run(FutureTask.java)
	at java.util.concurrent.ScheduledThreadPoolExecutor$ScheduledFutureTask.access$201(ScheduledThreadPoolExecutor.java:180)
	at java.util.concurrent.ScheduledThreadPoolExecutor$ScheduledFutureTask.run(ScheduledThreadPoolExecutor.java:293)
	at java.util.concurrent.ThreadPoolExecutor.runWorker(ThreadPoolExecutor.java:1149)
	at java.util.concurrent.ThreadPoolExecutor$Worker.run(ThreadPoolExecutor.java:624)
	at java.lang.Thread.run(Thread.java:748)
2022-05-13 16:01:17.191 [scheduling-1] ERROR c.f.c.handler.GlobalExceptionHandler - null
org.json.simple.parser.ParseException: null
	at org.json.simple.parser.Yylex.yylex(Yylex.java:610)
	at org.json.simple.parser.JSONParser.nextToken(JSONParser.java:269)
	at org.json.simple.parser.JSONParser.parse(JSONParser.java:118)
	at org.json.simple.parser.JSONParser.parse(JSONParser.java:92)
	at com.fontre.clienthardwaredevice.job.OnekeySwitchJob.readJSON(OnekeySwitchJob.java:62)
	at sun.reflect.NativeMethodAccessorImpl.invoke0(Native Method)
	at sun.reflect.NativeMethodAccessorImpl.invoke(NativeMethodAccessorImpl.java:62)
	at sun.reflect.DelegatingMethodAccessorImpl.invoke(DelegatingMethodAccessorImpl.java:43)
	at java.lang.reflect.Method.invoke(Method.java:498)
	at org.springframework.scheduling.support.ScheduledMethodRunnable.run(ScheduledMethodRunnable.java:84)
	at org.springframework.scheduling.support.DelegatingErrorHandlingRunnable.run(DelegatingErrorHandlingRunnable.java:54)
	at org.springframework.scheduling.concurrent.ReschedulingRunnable.run(ReschedulingRunnable.java:95)
	at java.util.concurrent.Executors$RunnableAdapter.call(Executors.java:511)
	at java.util.concurrent.FutureTask.run$$$capture(FutureTask.java:266)
	at java.util.concurrent.FutureTask.run(FutureTask.java)
	at java.util.concurrent.ScheduledThreadPoolExecutor$ScheduledFutureTask.access$201(ScheduledThreadPoolExecutor.java:180)
	at java.util.concurrent.ScheduledThreadPoolExecutor$ScheduledFutureTask.run(ScheduledThreadPoolExecutor.java:293)
	at java.util.concurrent.ThreadPoolExecutor.runWorker(ThreadPoolExecutor.java:1149)
	at java.util.concurrent.ThreadPoolExecutor$Worker.run(ThreadPoolExecutor.java:624)
	at java.lang.Thread.run(Thread.java:748)
2022-05-13 16:03:51.339 [main] INFO  c.f.c.ClientHardwareDeviceApplication - Starting ClientHardwareDeviceApplication using Java 1.8.0_291 on pengxingdongdeMacBook-Pro.local with PID 25534 (/Users/peng/Documents/fengque_work/client-hardware-device/target/classes started by peng in /Users/peng/Documents/fengque_work/client-hardware-device)
2022-05-13 16:03:51.347 [main] INFO  c.f.c.ClientHardwareDeviceApplication - No active profile set, falling back to 1 default profile: "default"
2022-05-13 16:03:52.417 [main] INFO  o.s.boot.web.embedded.tomcat.TomcatWebServer - Tomcat initialized with port(s): 9527 (http)
2022-05-13 16:03:52.428 [main] INFO  org.apache.coyote.http11.Http11NioProtocol - Initializing ProtocolHandler ["http-nio-9527"]
2022-05-13 16:03:52.428 [main] INFO  org.apache.catalina.core.StandardService - Starting service [Tomcat]
2022-05-13 16:03:52.429 [main] INFO  org.apache.catalina.core.StandardEngine - Starting Servlet engine: [Apache Tomcat/9.0.62]
2022-05-13 16:03:52.542 [main] INFO  o.a.c.core.ContainerBase.[Tomcat].[localhost].[/] - Initializing Spring embedded WebApplicationContext
2022-05-13 16:03:52.542 [main] INFO  o.s.b.w.s.c.ServletWebServerApplicationContext - Root WebApplicationContext: initialization completed in 1142 ms
2022-05-13 16:03:52.981 [main] INFO  org.apache.coyote.http11.Http11NioProtocol - Starting ProtocolHandler ["http-nio-9527"]
2022-05-13 16:03:53.012 [main] INFO  o.s.boot.web.embedded.tomcat.TomcatWebServer - Tomcat started on port(s): 9527 (http) with context path ''
2022-05-13 16:03:53.028 [main] INFO  c.f.c.ClientHardwareDeviceApplication - Started ClientHardwareDeviceApplication in 2.353 seconds (JVM running for 3.152)
2022-05-13 16:04:03.152 [scheduling-1] ERROR c.f.c.handler.GlobalExceptionHandler - org.json.simple.JSONObject cannot be cast to cn.hutool.json.JSONObject
java.lang.ClassCastException: org.json.simple.JSONObject cannot be cast to cn.hutool.json.JSONObject
	at com.fontre.clienthardwaredevice.job.OnekeySwitchJob.readJSON(OnekeySwitchJob.java:62)
	at sun.reflect.NativeMethodAccessorImpl.invoke0(Native Method)
	at sun.reflect.NativeMethodAccessorImpl.invoke(NativeMethodAccessorImpl.java:62)
	at sun.reflect.DelegatingMethodAccessorImpl.invoke(DelegatingMethodAccessorImpl.java:43)
	at java.lang.reflect.Method.invoke(Method.java:498)
	at org.springframework.scheduling.support.ScheduledMethodRunnable.run(ScheduledMethodRunnable.java:84)
	at org.springframework.scheduling.support.DelegatingErrorHandlingRunnable.run(DelegatingErrorHandlingRunnable.java:54)
	at org.springframework.scheduling.concurrent.ReschedulingRunnable.run(ReschedulingRunnable.java:95)
	at java.util.concurrent.Executors$RunnableAdapter.call(Executors.java:511)
	at java.util.concurrent.FutureTask.run$$$capture(FutureTask.java:266)
	at java.util.concurrent.FutureTask.run(FutureTask.java)
	at java.util.concurrent.ScheduledThreadPoolExecutor$ScheduledFutureTask.access$201(ScheduledThreadPoolExecutor.java:180)
	at java.util.concurrent.ScheduledThreadPoolExecutor$ScheduledFutureTask.run(ScheduledThreadPoolExecutor.java:293)
	at java.util.concurrent.ThreadPoolExecutor.runWorker(ThreadPoolExecutor.java:1149)
	at java.util.concurrent.ThreadPoolExecutor$Worker.run(ThreadPoolExecutor.java:624)
	at java.lang.Thread.run(Thread.java:748)
2022-05-13 16:05:37.476 [main] INFO  c.f.c.ClientHardwareDeviceApplication - Starting ClientHardwareDeviceApplication using Java 1.8.0_291 on pengxingdongdeMacBook-Pro.local with PID 26260 (/Users/peng/Documents/fengque_work/client-hardware-device/target/classes started by peng in /Users/peng/Documents/fengque_work/client-hardware-device)
2022-05-13 16:05:37.482 [main] INFO  c.f.c.ClientHardwareDeviceApplication - No active profile set, falling back to 1 default profile: "default"
2022-05-13 16:05:38.597 [main] INFO  o.s.boot.web.embedded.tomcat.TomcatWebServer - Tomcat initialized with port(s): 9527 (http)
2022-05-13 16:05:38.606 [main] INFO  org.apache.coyote.http11.Http11NioProtocol - Initializing ProtocolHandler ["http-nio-9527"]
2022-05-13 16:05:38.606 [main] INFO  org.apache.catalina.core.StandardService - Starting service [Tomcat]
2022-05-13 16:05:38.606 [main] INFO  org.apache.catalina.core.StandardEngine - Starting Servlet engine: [Apache Tomcat/9.0.62]
2022-05-13 16:05:38.716 [main] INFO  o.a.c.core.ContainerBase.[Tomcat].[localhost].[/] - Initializing Spring embedded WebApplicationContext
2022-05-13 16:05:38.716 [main] INFO  o.s.b.w.s.c.ServletWebServerApplicationContext - Root WebApplicationContext: initialization completed in 1168 ms
2022-05-13 16:05:39.152 [main] INFO  org.apache.coyote.http11.Http11NioProtocol - Starting ProtocolHandler ["http-nio-9527"]
2022-05-13 16:05:39.180 [main] INFO  o.s.boot.web.embedded.tomcat.TomcatWebServer - Tomcat started on port(s): 9527 (http) with context path ''
2022-05-13 16:05:39.194 [main] INFO  c.f.c.ClientHardwareDeviceApplication - Started ClientHardwareDeviceApplication in 2.472 seconds (JVM running for 3.225)
2022-05-13 16:06:45.103 [main] INFO  c.f.c.ClientHardwareDeviceApplication - Starting ClientHardwareDeviceApplication using Java 1.8.0_291 on pengxingdongdeMacBook-Pro.local with PID 26727 (/Users/peng/Documents/fengque_work/client-hardware-device/target/classes started by peng in /Users/peng/Documents/fengque_work/client-hardware-device)
2022-05-13 16:06:45.107 [main] INFO  c.f.c.ClientHardwareDeviceApplication - No active profile set, falling back to 1 default profile: "default"
2022-05-13 16:06:46.080 [main] INFO  o.s.boot.web.embedded.tomcat.TomcatWebServer - Tomcat initialized with port(s): 9527 (http)
2022-05-13 16:06:46.089 [main] INFO  org.apache.coyote.http11.Http11NioProtocol - Initializing ProtocolHandler ["http-nio-9527"]
2022-05-13 16:06:46.090 [main] INFO  org.apache.catalina.core.StandardService - Starting service [Tomcat]
2022-05-13 16:06:46.090 [main] INFO  org.apache.catalina.core.StandardEngine - Starting Servlet engine: [Apache Tomcat/9.0.62]
2022-05-13 16:06:46.191 [main] INFO  o.a.c.core.ContainerBase.[Tomcat].[localhost].[/] - Initializing Spring embedded WebApplicationContext
2022-05-13 16:06:46.192 [main] INFO  o.s.b.w.s.c.ServletWebServerApplicationContext - Root WebApplicationContext: initialization completed in 1035 ms
2022-05-13 16:06:46.568 [main] INFO  org.apache.coyote.http11.Http11NioProtocol - Starting ProtocolHandler ["http-nio-9527"]
2022-05-13 16:06:46.600 [main] INFO  o.s.boot.web.embedded.tomcat.TomcatWebServer - Tomcat started on port(s): 9527 (http) with context path ''
2022-05-13 16:06:46.612 [main] INFO  c.f.c.ClientHardwareDeviceApplication - Started ClientHardwareDeviceApplication in 2.072 seconds (JVM running for 2.833)
2022-05-13 16:07:09.176 [scheduling-1] INFO  c.f.c.handler.GlobalExceptionHandler - 无状态：{"status":200,"data":{"show":"1","sphereUuid":"client-shanghai-test"}}
2022-05-13 18:39:14.903 [main] INFO  c.f.c.ClientHardwareDeviceApplication - Starting ClientHardwareDeviceApplication using Java 1.8.0_291 on pengxingdongdeMacBook-Pro.local with PID 89262 (/Users/peng/Documents/fengque_work/client-hardware-device/target/classes started by peng in /Users/peng/Documents/fengque_work/client-hardware-device)
2022-05-13 18:39:14.907 [main] INFO  c.f.c.ClientHardwareDeviceApplication - No active profile set, falling back to 1 default profile: "default"
2022-05-13 18:39:16.054 [main] INFO  o.s.boot.web.embedded.tomcat.TomcatWebServer - Tomcat initialized with port(s): 6050 (http)
2022-05-13 18:39:16.066 [main] INFO  org.apache.coyote.http11.Http11NioProtocol - Initializing ProtocolHandler ["http-nio-6050"]
2022-05-13 18:39:16.067 [main] INFO  org.apache.catalina.core.StandardService - Starting service [Tomcat]
2022-05-13 18:39:16.067 [main] INFO  org.apache.catalina.core.StandardEngine - Starting Servlet engine: [Apache Tomcat/9.0.62]
2022-05-13 18:39:16.187 [main] INFO  o.a.c.core.ContainerBase.[Tomcat].[localhost].[/] - Initializing Spring embedded WebApplicationContext
2022-05-13 18:39:16.187 [main] INFO  o.s.b.w.s.c.ServletWebServerApplicationContext - Root WebApplicationContext: initialization completed in 1216 ms
2022-05-13 18:39:16.257 [main] WARN  o.s.b.w.s.c.AnnotationConfigServletWebServerApplicationContext - Exception encountered during context initialization - cancelling refresh attempt: org.springframework.beans.factory.UnsatisfiedDependencyException: Error creating bean with name 'onekeySwitchJob': Unsatisfied dependency expressed through field 'redisUtils'; nested exception is org.springframework.beans.factory.UnsatisfiedDependencyException: Error creating bean with name 'redisUtils' defined in file [/Users/peng/Documents/fengque_work/client-hardware-device/target/classes/com/fontre/clienthardwaredevice/util/RedisUtils.class]: Unsatisfied dependency expressed through constructor parameter 0; nested exception is org.springframework.beans.factory.NoSuchBeanDefinitionException: No qualifying bean of type 'org.springframework.data.redis.core.RedisTemplate<java.lang.Object, java.lang.Object>' available: expected at least 1 bean which qualifies as autowire candidate. Dependency annotations: {}
2022-05-13 18:39:16.261 [main] INFO  org.apache.catalina.core.StandardService - Stopping service [Tomcat]
2022-05-13 18:39:16.284 [main] INFO  o.s.b.a.l.ConditionEvaluationReportLoggingListener - 

Error starting ApplicationContext. To display the conditions report re-run your application with 'debug' enabled.
2022-05-13 18:39:16.311 [main] ERROR o.s.b.diagnostics.LoggingFailureAnalysisReporter - 

***************************
APPLICATION FAILED TO START
***************************

Description:

Parameter 0 of constructor in com.fontre.clienthardwaredevice.util.RedisUtils required a bean of type 'org.springframework.data.redis.core.RedisTemplate' that could not be found.

The injection point has the following annotations:
	- @org.springframework.beans.factory.annotation.Autowired(required=true)


Action:

Consider defining a bean of type 'org.springframework.data.redis.core.RedisTemplate' in your configuration.

2022-05-13 18:43:17.307 [main] INFO  c.f.c.ClientHardwareDeviceApplication - Starting ClientHardwareDeviceApplication using Java 1.8.0_291 on pengxingdongdeMacBook-Pro.local with PID 90935 (/Users/peng/Documents/fengque_work/client-hardware-device/target/classes started by peng in /Users/peng/Documents/fengque_work/client-hardware-device)
2022-05-13 18:43:17.311 [main] INFO  c.f.c.ClientHardwareDeviceApplication - No active profile set, falling back to 1 default profile: "default"
2022-05-13 18:43:18.526 [main] INFO  o.s.boot.web.embedded.tomcat.TomcatWebServer - Tomcat initialized with port(s): 6050 (http)
2022-05-13 18:43:18.539 [main] INFO  org.apache.coyote.http11.Http11NioProtocol - Initializing ProtocolHandler ["http-nio-6050"]
2022-05-13 18:43:18.540 [main] INFO  org.apache.catalina.core.StandardService - Starting service [Tomcat]
2022-05-13 18:43:18.541 [main] INFO  org.apache.catalina.core.StandardEngine - Starting Servlet engine: [Apache Tomcat/9.0.62]
2022-05-13 18:43:18.690 [main] INFO  o.a.c.core.ContainerBase.[Tomcat].[localhost].[/] - Initializing Spring embedded WebApplicationContext
2022-05-13 18:43:18.690 [main] INFO  o.s.b.w.s.c.ServletWebServerApplicationContext - Root WebApplicationContext: initialization completed in 1321 ms
2022-05-13 18:43:18.783 [main] WARN  o.s.b.w.s.c.AnnotationConfigServletWebServerApplicationContext - Exception encountered during context initialization - cancelling refresh attempt: org.springframework.beans.factory.UnsatisfiedDependencyException: Error creating bean with name 'onekeySwitchJob': Unsatisfied dependency expressed through field 'redisUtils'; nested exception is org.springframework.beans.factory.UnsatisfiedDependencyException: Error creating bean with name 'redisUtils' defined in file [/Users/peng/Documents/fengque_work/client-hardware-device/target/classes/com/fontre/clienthardwaredevice/util/RedisUtils.class]: Unsatisfied dependency expressed through constructor parameter 0; nested exception is org.springframework.beans.factory.NoSuchBeanDefinitionException: No qualifying bean of type 'org.springframework.data.redis.core.RedisTemplate<java.lang.Object, java.lang.Object>' available: expected at least 1 bean which qualifies as autowire candidate. Dependency annotations: {}
2022-05-13 18:43:18.786 [main] INFO  org.apache.catalina.core.StandardService - Stopping service [Tomcat]
2022-05-13 18:43:18.800 [main] INFO  o.s.b.a.l.ConditionEvaluationReportLoggingListener - 

Error starting ApplicationContext. To display the conditions report re-run your application with 'debug' enabled.
2022-05-13 18:43:18.825 [main] ERROR o.s.b.diagnostics.LoggingFailureAnalysisReporter - 

***************************
APPLICATION FAILED TO START
***************************

Description:

Parameter 0 of constructor in com.fontre.clienthardwaredevice.util.RedisUtils required a bean of type 'org.springframework.data.redis.core.RedisTemplate' that could not be found.

The injection point has the following annotations:
	- @org.springframework.beans.factory.annotation.Autowired(required=true)


Action:

Consider defining a bean of type 'org.springframework.data.redis.core.RedisTemplate' in your configuration.

2022-05-13 18:44:30.839 [main] INFO  c.f.c.ClientHardwareDeviceApplication - Starting ClientHardwareDeviceApplication using Java 1.8.0_291 on pengxingdongdeMacBook-Pro.local with PID 91438 (/Users/peng/Documents/fengque_work/client-hardware-device/target/classes started by peng in /Users/peng/Documents/fengque_work/client-hardware-device)
2022-05-13 18:44:30.843 [main] INFO  c.f.c.ClientHardwareDeviceApplication - No active profile set, falling back to 1 default profile: "default"
2022-05-13 18:44:32.180 [main] INFO  o.s.boot.web.embedded.tomcat.TomcatWebServer - Tomcat initialized with port(s): 6050 (http)
2022-05-13 18:44:32.192 [main] INFO  org.apache.coyote.http11.Http11NioProtocol - Initializing ProtocolHandler ["http-nio-6050"]
2022-05-13 18:44:32.193 [main] INFO  org.apache.catalina.core.StandardService - Starting service [Tomcat]
2022-05-13 18:44:32.194 [main] INFO  org.apache.catalina.core.StandardEngine - Starting Servlet engine: [Apache Tomcat/9.0.62]
2022-05-13 18:44:32.320 [main] INFO  o.a.c.core.ContainerBase.[Tomcat].[localhost].[/] - Initializing Spring embedded WebApplicationContext
2022-05-13 18:44:32.320 [main] INFO  o.s.b.w.s.c.ServletWebServerApplicationContext - Root WebApplicationContext: initialization completed in 1421 ms
2022-05-13 18:44:32.405 [main] WARN  o.s.b.w.s.c.AnnotationConfigServletWebServerApplicationContext - Exception encountered during context initialization - cancelling refresh attempt: org.springframework.beans.factory.UnsatisfiedDependencyException: Error creating bean with name 'onekeySwitchJob': Unsatisfied dependency expressed through field 'redisUtils'; nested exception is org.springframework.beans.factory.UnsatisfiedDependencyException: Error creating bean with name 'redisUtils' defined in file [/Users/peng/Documents/fengque_work/client-hardware-device/target/classes/com/fontre/clienthardwaredevice/util/RedisUtils.class]: Unsatisfied dependency expressed through constructor parameter 0; nested exception is org.springframework.beans.factory.NoSuchBeanDefinitionException: No qualifying bean of type 'org.springframework.data.redis.core.RedisTemplate<java.lang.Object, java.lang.Object>' available: expected at least 1 bean which qualifies as autowire candidate. Dependency annotations: {}
2022-05-13 18:44:32.408 [main] INFO  org.apache.catalina.core.StandardService - Stopping service [Tomcat]
2022-05-13 18:44:32.423 [main] INFO  o.s.b.a.l.ConditionEvaluationReportLoggingListener - 

Error starting ApplicationContext. To display the conditions report re-run your application with 'debug' enabled.
2022-05-13 18:44:32.453 [main] ERROR o.s.b.diagnostics.LoggingFailureAnalysisReporter - 

***************************
APPLICATION FAILED TO START
***************************

Description:

Parameter 0 of constructor in com.fontre.clienthardwaredevice.util.RedisUtils required a bean of type 'org.springframework.data.redis.core.RedisTemplate' that could not be found.

The injection point has the following annotations:
	- @org.springframework.beans.factory.annotation.Autowired(required=true)


Action:

Consider defining a bean of type 'org.springframework.data.redis.core.RedisTemplate' in your configuration.

2022-05-13 18:45:45.956 [main] INFO  c.f.c.ClientHardwareDeviceApplication - Starting ClientHardwareDeviceApplication using Java 1.8.0_291 on pengxingdongdeMacBook-Pro.local with PID 91973 (/Users/peng/Documents/fengque_work/client-hardware-device/target/classes started by peng in /Users/peng/Documents/fengque_work/client-hardware-device)
2022-05-13 18:45:45.959 [main] INFO  c.f.c.ClientHardwareDeviceApplication - No active profile set, falling back to 1 default profile: "default"
2022-05-13 18:45:46.880 [main] INFO  o.s.boot.web.embedded.tomcat.TomcatWebServer - Tomcat initialized with port(s): 6050 (http)
2022-05-13 18:45:46.887 [main] INFO  org.apache.coyote.http11.Http11NioProtocol - Initializing ProtocolHandler ["http-nio-6050"]
2022-05-13 18:45:46.888 [main] INFO  org.apache.catalina.core.StandardService - Starting service [Tomcat]
2022-05-13 18:45:46.888 [main] INFO  org.apache.catalina.core.StandardEngine - Starting Servlet engine: [Apache Tomcat/9.0.62]
2022-05-13 18:45:46.987 [main] INFO  o.a.c.core.ContainerBase.[Tomcat].[localhost].[/] - Initializing Spring embedded WebApplicationContext
2022-05-13 18:45:46.987 [main] INFO  o.s.b.w.s.c.ServletWebServerApplicationContext - Root WebApplicationContext: initialization completed in 983 ms
2022-05-13 18:45:47.042 [main] WARN  o.s.b.w.s.c.AnnotationConfigServletWebServerApplicationContext - Exception encountered during context initialization - cancelling refresh attempt: org.springframework.beans.factory.UnsatisfiedDependencyException: Error creating bean with name 'onekeySwitchJob': Unsatisfied dependency expressed through field 'redisUtils'; nested exception is org.springframework.beans.factory.UnsatisfiedDependencyException: Error creating bean with name 'redisUtils' defined in file [/Users/peng/Documents/fengque_work/client-hardware-device/target/classes/com/fontre/clienthardwaredevice/util/RedisUtils.class]: Unsatisfied dependency expressed through constructor parameter 0; nested exception is org.springframework.beans.factory.NoSuchBeanDefinitionException: No qualifying bean of type 'org.springframework.data.redis.core.RedisTemplate<java.lang.Object, java.lang.Object>' available: expected at least 1 bean which qualifies as autowire candidate. Dependency annotations: {}
2022-05-13 18:45:47.044 [main] INFO  org.apache.catalina.core.StandardService - Stopping service [Tomcat]
2022-05-13 18:45:47.064 [main] INFO  o.s.b.a.l.ConditionEvaluationReportLoggingListener - 

Error starting ApplicationContext. To display the conditions report re-run your application with 'debug' enabled.
2022-05-13 18:45:47.082 [main] ERROR o.s.b.diagnostics.LoggingFailureAnalysisReporter - 

***************************
APPLICATION FAILED TO START
***************************

Description:

Parameter 0 of constructor in com.fontre.clienthardwaredevice.util.RedisUtils required a bean of type 'org.springframework.data.redis.core.RedisTemplate' that could not be found.

The injection point has the following annotations:
	- @org.springframework.beans.factory.annotation.Autowired(required=true)


Action:

Consider defining a bean of type 'org.springframework.data.redis.core.RedisTemplate' in your configuration.

2022-05-13 19:02:40.276 [main] INFO  c.f.c.ClientHardwareDeviceApplication - Starting ClientHardwareDeviceApplication using Java 1.8.0_291 on pengxingdongdeMacBook-Pro.local with PID 98959 (/Users/peng/Documents/fengque_work/client-hardware-device/target/classes started by peng in /Users/peng/Documents/fengque_work/client-hardware-device)
2022-05-13 19:02:40.280 [main] INFO  c.f.c.ClientHardwareDeviceApplication - No active profile set, falling back to 1 default profile: "default"
2022-05-13 19:02:41.046 [main] INFO  o.s.d.r.config.RepositoryConfigurationDelegate - Multiple Spring Data modules found, entering strict repository configuration mode!
2022-05-13 19:02:41.049 [main] INFO  o.s.d.r.config.RepositoryConfigurationDelegate - Bootstrapping Spring Data Redis repositories in DEFAULT mode.
2022-05-13 19:02:41.077 [main] INFO  o.s.d.r.config.RepositoryConfigurationDelegate - Finished Spring Data repository scanning in 7 ms. Found 0 Redis repository interfaces.
2022-05-13 19:02:41.608 [main] INFO  o.s.boot.web.embedded.tomcat.TomcatWebServer - Tomcat initialized with port(s): 6050 (http)
2022-05-13 19:02:41.621 [main] INFO  org.apache.coyote.http11.Http11NioProtocol - Initializing ProtocolHandler ["http-nio-6050"]
2022-05-13 19:02:41.621 [main] INFO  org.apache.catalina.core.StandardService - Starting service [Tomcat]
2022-05-13 19:02:41.622 [main] INFO  org.apache.catalina.core.StandardEngine - Starting Servlet engine: [Apache Tomcat/9.0.62]
2022-05-13 19:02:41.765 [main] INFO  o.a.c.core.ContainerBase.[Tomcat].[localhost].[/] - Initializing Spring embedded WebApplicationContext
2022-05-13 19:02:41.766 [main] INFO  o.s.b.w.s.c.ServletWebServerApplicationContext - Root WebApplicationContext: initialization completed in 1435 ms
2022-05-13 19:02:41.960 [main] WARN  o.s.b.w.s.c.AnnotationConfigServletWebServerApplicationContext - Exception encountered during context initialization - cancelling refresh attempt: org.springframework.beans.factory.UnsatisfiedDependencyException: Error creating bean with name 'onekeySwitchJob': Unsatisfied dependency expressed through field 'redisUtils'; nested exception is org.springframework.beans.factory.UnsatisfiedDependencyException: Error creating bean with name 'redisUtils' defined in file [/Users/peng/Documents/fengque_work/client-hardware-device/target/classes/com/fontre/clienthardwaredevice/util/RedisUtils.class]: Unsatisfied dependency expressed through constructor parameter 0; nested exception is org.springframework.beans.factory.UnsatisfiedDependencyException: Error creating bean with name 'redisTemplate' defined in class path resource [com/fontre/clienthardwaredevice/config/RedisConfig.class]: Unsatisfied dependency expressed through method 'redisTemplate' parameter 0; nested exception is org.springframework.beans.factory.BeanCreationException: Error creating bean with name 'redisConnectionFactory' defined in class path resource [org/springframework/boot/autoconfigure/data/redis/LettuceConnectionConfiguration.class]: Bean instantiation via factory method failed; nested exception is org.springframework.beans.BeanInstantiationException: Failed to instantiate [org.springframework.data.redis.connection.lettuce.LettuceConnectionFactory]: Factory method 'redisConnectionFactory' threw exception; nested exception is java.lang.NoSuchMethodError: org.apache.commons.pool2.impl.GenericObjectPoolConfig.setMaxWait(Ljava/time/Duration;)V
2022-05-13 19:02:41.968 [main] INFO  org.apache.catalina.core.StandardService - Stopping service [Tomcat]
2022-05-13 19:02:41.979 [main] INFO  o.s.b.a.l.ConditionEvaluationReportLoggingListener - 

Error starting ApplicationContext. To display the conditions report re-run your application with 'debug' enabled.
2022-05-13 19:02:41.998 [main] ERROR o.s.b.diagnostics.LoggingFailureAnalysisReporter - 

***************************
APPLICATION FAILED TO START
***************************

Description:

An attempt was made to call a method that does not exist. The attempt was made from the following location:

    org.springframework.boot.autoconfigure.data.redis.LettuceConnectionConfiguration$PoolBuilderFactory.getPoolConfig(LettuceConnectionConfiguration.java:188)

The following method did not exist:

    org.apache.commons.pool2.impl.GenericObjectPoolConfig.setMaxWait(Ljava/time/Duration;)V

The calling method's class, org.springframework.boot.autoconfigure.data.redis.LettuceConnectionConfiguration$PoolBuilderFactory, was loaded from the following location:

    jar:file:/Users/peng/Documents/tools/maven/repository/org/springframework/boot/spring-boot-autoconfigure/2.6.7/spring-boot-autoconfigure-2.6.7.jar!/org/springframework/boot/autoconfigure/data/redis/LettuceConnectionConfiguration$PoolBuilderFactory.class

The called method's class, org.apache.commons.pool2.impl.GenericObjectPoolConfig, is available from the following locations:

    jar:file:/Users/peng/Documents/tools/maven/repository/org/apache/commons/commons-pool2/2.5.0/commons-pool2-2.5.0.jar!/org/apache/commons/pool2/impl/GenericObjectPoolConfig.class

The called method's class hierarchy was loaded from the following locations:

    org.apache.commons.pool2.impl.GenericObjectPoolConfig: file:/Users/peng/Documents/tools/maven/repository/org/apache/commons/commons-pool2/2.5.0/commons-pool2-2.5.0.jar
    org.apache.commons.pool2.impl.BaseObjectPoolConfig: file:/Users/peng/Documents/tools/maven/repository/org/apache/commons/commons-pool2/2.5.0/commons-pool2-2.5.0.jar
    org.apache.commons.pool2.BaseObject: file:/Users/peng/Documents/tools/maven/repository/org/apache/commons/commons-pool2/2.5.0/commons-pool2-2.5.0.jar


Action:

Correct the classpath of your application so that it contains compatible versions of the classes org.springframework.boot.autoconfigure.data.redis.LettuceConnectionConfiguration$PoolBuilderFactory and org.apache.commons.pool2.impl.GenericObjectPoolConfig

2022-05-13 19:05:11.672 [main] INFO  c.f.c.ClientHardwareDeviceApplication - Starting ClientHardwareDeviceApplication using Java 1.8.0_291 on pengxingdongdeMacBook-Pro.local with PID 144 (/Users/peng/Documents/fengque_work/client-hardware-device/target/classes started by peng in /Users/peng/Documents/fengque_work/client-hardware-device)
2022-05-13 19:05:11.675 [main] INFO  c.f.c.ClientHardwareDeviceApplication - No active profile set, falling back to 1 default profile: "default"
2022-05-13 19:05:12.238 [main] INFO  o.s.d.r.config.RepositoryConfigurationDelegate - Multiple Spring Data modules found, entering strict repository configuration mode!
2022-05-13 19:05:12.240 [main] INFO  o.s.d.r.config.RepositoryConfigurationDelegate - Bootstrapping Spring Data Redis repositories in DEFAULT mode.
2022-05-13 19:05:12.258 [main] INFO  o.s.d.r.config.RepositoryConfigurationDelegate - Finished Spring Data repository scanning in 6 ms. Found 0 Redis repository interfaces.
2022-05-13 19:05:12.659 [main] INFO  o.s.boot.web.embedded.tomcat.TomcatWebServer - Tomcat initialized with port(s): 6050 (http)
2022-05-13 19:05:12.667 [main] INFO  org.apache.coyote.http11.Http11NioProtocol - Initializing ProtocolHandler ["http-nio-6050"]
2022-05-13 19:05:12.667 [main] INFO  org.apache.catalina.core.StandardService - Starting service [Tomcat]
2022-05-13 19:05:12.668 [main] INFO  org.apache.catalina.core.StandardEngine - Starting Servlet engine: [Apache Tomcat/9.0.62]
2022-05-13 19:05:12.772 [main] INFO  o.a.c.core.ContainerBase.[Tomcat].[localhost].[/] - Initializing Spring embedded WebApplicationContext
2022-05-13 19:05:12.773 [main] INFO  o.s.b.w.s.c.ServletWebServerApplicationContext - Root WebApplicationContext: initialization completed in 1048 ms
2022-05-13 19:05:13.152 [main] INFO  com.fontre.clienthardwaredevice.config.RedisConfig - 初始化 -> [Redis CacheErrorHandler]
2022-05-13 19:05:13.605 [main] INFO  org.apache.coyote.http11.Http11NioProtocol - Starting ProtocolHandler ["http-nio-6050"]
2022-05-13 19:05:13.629 [main] INFO  o.s.boot.web.embedded.tomcat.TomcatWebServer - Tomcat started on port(s): 6050 (http) with context path ''
2022-05-13 19:05:13.643 [main] INFO  c.f.c.ClientHardwareDeviceApplication - Started ClientHardwareDeviceApplication in 2.489 seconds (JVM running for 3.174)
2022-05-13 19:05:15.310 [scheduling-1] INFO  c.f.c.handler.GlobalExceptionHandler - 配置设备redis门店uuid为空！
2022-05-13 19:05:18.009 [scheduling-1] INFO  c.f.c.handler.GlobalExceptionHandler - 配置设备redis门店uuid为空！
2022-05-13 19:05:21.006 [scheduling-1] INFO  c.f.c.handler.GlobalExceptionHandler - 配置设备redis门店uuid为空！
2022-05-13 19:05:24.005 [scheduling-1] INFO  c.f.c.handler.GlobalExceptionHandler - 配置设备redis门店uuid为空！
2022-05-13 19:05:27.012 [scheduling-1] INFO  c.f.c.handler.GlobalExceptionHandler - 配置设备redis门店uuid为空！
2022-05-13 19:05:30.005 [scheduling-1] INFO  c.f.c.handler.GlobalExceptionHandler - 配置设备redis门店uuid为空！
2022-05-13 19:05:33.008 [scheduling-1] INFO  c.f.c.handler.GlobalExceptionHandler - 配置设备redis门店uuid为空！
2022-05-13 19:05:36.004 [scheduling-1] INFO  c.f.c.handler.GlobalExceptionHandler - 配置设备redis门店uuid为空！
2022-05-13 19:05:39.007 [scheduling-1] INFO  c.f.c.handler.GlobalExceptionHandler - 配置设备redis门店uuid为空！
2022-05-13 19:05:42.005 [scheduling-1] INFO  c.f.c.handler.GlobalExceptionHandler - 配置设备redis门店uuid为空！
2022-05-13 19:05:45.006 [scheduling-1] INFO  c.f.c.handler.GlobalExceptionHandler - 配置设备redis门店uuid为空！
2022-05-13 19:05:48.009 [scheduling-1] INFO  c.f.c.handler.GlobalExceptionHandler - 配置设备redis门店uuid为空！
2022-05-13 19:05:51.006 [scheduling-1] INFO  c.f.c.handler.GlobalExceptionHandler - 配置设备redis门店uuid为空！
2022-05-13 19:05:54.005 [scheduling-1] INFO  c.f.c.handler.GlobalExceptionHandler - 配置设备redis门店uuid为空！
2022-05-13 19:05:57.006 [scheduling-1] INFO  c.f.c.handler.GlobalExceptionHandler - 配置设备redis门店uuid为空！
2022-05-13 19:06:02.201 [scheduling-1] INFO  c.f.c.handler.GlobalExceptionHandler - 无状态：{"status":200,"data":{"show":"1","sphereUuid":"client-shanghai-test"}}
2022-05-13 19:06:03.031 [scheduling-1] INFO  c.f.c.handler.GlobalExceptionHandler - 无状态：{"status":200,"data":{"show":"1","sphereUuid":"client-shanghai-test"}}
2022-05-13 19:06:06.029 [scheduling-1] INFO  c.f.c.handler.GlobalExceptionHandler - 无状态：{"status":200,"data":{"show":"1","sphereUuid":"client-shanghai-test"}}
2022-05-13 19:06:09.031 [scheduling-1] INFO  c.f.c.handler.GlobalExceptionHandler - 无状态：{"status":200,"data":{"show":"1","sphereUuid":"client-shanghai-test"}}
2022-05-13 19:06:12.030 [scheduling-1] INFO  c.f.c.handler.GlobalExceptionHandler - 无状态：{"status":200,"data":{"show":"1","sphereUuid":"client-shanghai-test"}}
2022-05-13 19:06:15.029 [scheduling-1] INFO  c.f.c.handler.GlobalExceptionHandler - 无状态：{"status":200,"data":{"show":"1","sphereUuid":"client-shanghai-test"}}
2022-05-13 19:06:18.036 [scheduling-1] INFO  c.f.c.handler.GlobalExceptionHandler - 无状态：{"status":200,"data":{"show":"1","sphereUuid":"client-shanghai-test"}}
2022-05-13 19:06:21.031 [scheduling-1] INFO  c.f.c.handler.GlobalExceptionHandler - 无状态：{"status":200,"data":{"show":"1","sphereUuid":"client-shanghai-test"}}
2022-05-13 19:06:24.025 [scheduling-1] INFO  c.f.c.handler.GlobalExceptionHandler - 无状态：{"status":200,"data":{"show":"1","sphereUuid":"client-shanghai-test"}}
2022-05-13 19:06:27.029 [scheduling-1] INFO  c.f.c.handler.GlobalExceptionHandler - 无状态：{"status":200,"data":{"show":"1","sphereUuid":"client-shanghai-test"}}
2022-05-13 19:06:30.049 [scheduling-1] INFO  c.f.c.handler.GlobalExceptionHandler - 无状态：{"status":200,"data":{"show":"1","sphereUuid":"client-shanghai-test"}}
2022-05-13 19:06:33.032 [scheduling-1] INFO  c.f.c.handler.GlobalExceptionHandler - 无状态：{"status":200,"data":{"show":"1","sphereUuid":"client-shanghai-test"}}
2022-05-13 19:06:36.034 [scheduling-1] INFO  c.f.c.handler.GlobalExceptionHandler - 无状态：{"status":200,"data":{"show":"1","sphereUuid":"client-shanghai-test"}}
2022-05-13 19:06:39.030 [scheduling-1] INFO  c.f.c.handler.GlobalExceptionHandler - 无状态：{"status":200,"data":{"show":"1","sphereUuid":"client-shanghai-test"}}
2022-05-13 19:06:42.032 [scheduling-1] INFO  c.f.c.handler.GlobalExceptionHandler - 无状态：{"status":200,"data":{"show":"1","sphereUuid":"client-shanghai-test"}}
2022-05-13 19:06:45.031 [scheduling-1] INFO  c.f.c.handler.GlobalExceptionHandler - 无状态：{"status":200,"data":{"show":"1","sphereUuid":"client-shanghai-test"}}
2022-05-13 19:06:48.027 [scheduling-1] INFO  c.f.c.handler.GlobalExceptionHandler - 无状态：{"status":200,"data":{"show":"1","sphereUuid":"client-shanghai-test"}}
2022-05-13 19:06:51.037 [scheduling-1] INFO  c.f.c.handler.GlobalExceptionHandler - 无状态：{"status":200,"data":{"show":"1","sphereUuid":"client-shanghai-test"}}
2022-05-13 19:06:54.029 [scheduling-1] INFO  c.f.c.handler.GlobalExceptionHandler - 无状态：{"status":200,"data":{"show":"1","sphereUuid":"client-shanghai-test"}}
2022-05-13 19:06:57.032 [scheduling-1] INFO  c.f.c.handler.GlobalExceptionHandler - 无状态：{"status":200,"data":{"show":"1","sphereUuid":"client-shanghai-test"}}
2022-05-13 19:07:00.007 [scheduling-1] INFO  c.f.c.handler.GlobalExceptionHandler - redis门店uuid：client-shanghai-test
2022-05-13 19:07:00.031 [scheduling-1] INFO  c.f.c.handler.GlobalExceptionHandler - 无状态：{"status":200,"data":{"show":"1","sphereUuid":"client-shanghai-test"}}
2022-05-13 19:07:03.029 [scheduling-1] INFO  c.f.c.handler.GlobalExceptionHandler - 无状态：{"status":200,"data":{"show":"1","sphereUuid":"client-shanghai-test"}}
2022-05-13 19:07:06.027 [scheduling-1] INFO  c.f.c.handler.GlobalExceptionHandler - 无状态：{"status":200,"data":{"show":"1","sphereUuid":"client-shanghai-test"}}
2022-05-13 19:07:09.032 [scheduling-1] INFO  c.f.c.handler.GlobalExceptionHandler - 无状态：{"status":200,"data":{"show":"1","sphereUuid":"client-shanghai-test"}}
2022-05-13 19:07:12.028 [scheduling-1] INFO  c.f.c.handler.GlobalExceptionHandler - 无状态：{"status":200,"data":{"show":"1","sphereUuid":"client-shanghai-test"}}
2022-05-13 19:07:15.030 [scheduling-1] INFO  c.f.c.handler.GlobalExceptionHandler - 无状态：{"status":200,"data":{"show":"1","sphereUuid":"client-shanghai-test"}}
2022-05-13 19:07:18.027 [scheduling-1] INFO  c.f.c.handler.GlobalExceptionHandler - 无状态：{"status":200,"data":{"show":"1","sphereUuid":"client-shanghai-test"}}
2022-05-13 19:07:21.029 [scheduling-1] INFO  c.f.c.handler.GlobalExceptionHandler - 无状态：{"status":200,"data":{"show":"1","sphereUuid":"client-shanghai-test"}}
2022-05-13 19:07:24.027 [scheduling-1] INFO  c.f.c.handler.GlobalExceptionHandler - 无状态：{"status":200,"data":{"show":"1","sphereUuid":"client-shanghai-test"}}
2022-05-13 19:07:27.048 [scheduling-1] INFO  c.f.c.handler.GlobalExceptionHandler - 无状态：{"status":200,"data":{"show":"1","sphereUuid":"client-shanghai-test"}}
2022-05-13 19:07:30.029 [scheduling-1] INFO  c.f.c.handler.GlobalExceptionHandler - 无状态：{"status":200,"data":{"show":"1","sphereUuid":"client-shanghai-test"}}
2022-05-13 19:07:33.031 [scheduling-1] INFO  c.f.c.handler.GlobalExceptionHandler - 无状态：{"status":200,"data":{"show":"1","sphereUuid":"client-shanghai-test"}}
2022-05-13 19:07:36.028 [scheduling-1] INFO  c.f.c.handler.GlobalExceptionHandler - 无状态：{"status":200,"data":{"show":"1","sphereUuid":"client-shanghai-test"}}
2022-05-13 19:07:39.036 [scheduling-1] INFO  c.f.c.handler.GlobalExceptionHandler - 无状态：{"status":200,"data":{"show":"1","sphereUuid":"client-shanghai-test"}}
2022-05-13 19:07:42.026 [scheduling-1] INFO  c.f.c.handler.GlobalExceptionHandler - 无状态：{"status":200,"data":{"show":"1","sphereUuid":"client-shanghai-test"}}
2022-05-13 19:07:45.031 [scheduling-1] INFO  c.f.c.handler.GlobalExceptionHandler - 无状态：{"status":200,"data":{"show":"1","sphereUuid":"client-shanghai-test"}}
2022-05-13 19:07:48.027 [scheduling-1] INFO  c.f.c.handler.GlobalExceptionHandler - 无状态：{"status":200,"data":{"show":"1","sphereUuid":"client-shanghai-test"}}
2022-05-13 19:07:51.038 [scheduling-1] INFO  c.f.c.handler.GlobalExceptionHandler - 无状态：{"status":200,"data":{"show":"1","sphereUuid":"client-shanghai-test"}}
2022-05-13 19:07:54.028 [scheduling-1] INFO  c.f.c.handler.GlobalExceptionHandler - 无状态：{"status":200,"data":{"show":"1","sphereUuid":"client-shanghai-test"}}
2022-05-13 19:07:57.033 [scheduling-1] INFO  c.f.c.handler.GlobalExceptionHandler - 无状态：{"status":200,"data":{"show":"1","sphereUuid":"client-shanghai-test"}}
2022-05-13 19:08:00.007 [scheduling-1] INFO  c.f.c.handler.GlobalExceptionHandler - redis门店uuid：client-shanghai-test
2022-05-13 19:08:00.033 [scheduling-1] INFO  c.f.c.handler.GlobalExceptionHandler - 无状态：{"status":200,"data":{"show":"1","sphereUuid":"client-shanghai-test"}}
2022-05-13 19:08:03.035 [scheduling-1] INFO  c.f.c.handler.GlobalExceptionHandler - 无状态：{"status":200,"data":{"show":"1","sphereUuid":"client-shanghai-test"}}
2022-05-13 19:08:06.029 [scheduling-1] INFO  c.f.c.handler.GlobalExceptionHandler - 无状态：{"status":200,"data":{"show":"1","sphereUuid":"client-shanghai-test"}}
2022-05-13 19:08:09.032 [scheduling-1] INFO  c.f.c.handler.GlobalExceptionHandler - 无状态：{"status":200,"data":{"show":"1","sphereUuid":"client-shanghai-test"}}
2022-05-13 19:08:12.027 [scheduling-1] INFO  c.f.c.handler.GlobalExceptionHandler - 无状态：{"status":200,"data":{"show":"1","sphereUuid":"client-shanghai-test"}}
2022-05-13 19:08:15.033 [scheduling-1] INFO  c.f.c.handler.GlobalExceptionHandler - 无状态：{"status":200,"data":{"show":"1","sphereUuid":"client-shanghai-test"}}
2022-05-13 19:08:18.029 [scheduling-1] INFO  c.f.c.handler.GlobalExceptionHandler - 无状态：{"status":200,"data":{"show":"1","sphereUuid":"client-shanghai-test"}}
2022-05-13 19:08:21.031 [scheduling-1] INFO  c.f.c.handler.GlobalExceptionHandler - 无状态：{"status":200,"data":{"show":"1","sphereUuid":"client-shanghai-test"}}
2022-05-13 19:08:24.029 [scheduling-1] INFO  c.f.c.handler.GlobalExceptionHandler - 无状态：{"status":200,"data":{"show":"1","sphereUuid":"client-shanghai-test"}}
2022-05-13 19:08:27.029 [scheduling-1] INFO  c.f.c.handler.GlobalExceptionHandler - 无状态：{"status":200,"data":{"show":"1","sphereUuid":"client-shanghai-test"}}
2022-05-13 19:08:30.028 [scheduling-1] INFO  c.f.c.handler.GlobalExceptionHandler - 无状态：{"status":200,"data":{"show":"1","sphereUuid":"client-shanghai-test"}}
2022-05-13 19:08:33.032 [scheduling-1] INFO  c.f.c.handler.GlobalExceptionHandler - 无状态：{"status":200,"data":{"show":"1","sphereUuid":"client-shanghai-test"}}
2022-05-13 19:08:36.031 [scheduling-1] INFO  c.f.c.handler.GlobalExceptionHandler - 无状态：{"status":200,"data":{"show":"1","sphereUuid":"client-shanghai-test"}}
2022-05-13 19:08:39.027 [scheduling-1] INFO  c.f.c.handler.GlobalExceptionHandler - 无状态：{"status":200,"data":{"show":"1","sphereUuid":"client-shanghai-test"}}
2022-05-13 19:08:42.031 [scheduling-1] INFO  c.f.c.handler.GlobalExceptionHandler - 无状态：{"status":200,"data":{"show":"1","sphereUuid":"client-shanghai-test"}}
2022-05-13 19:08:45.025 [scheduling-1] INFO  c.f.c.handler.GlobalExceptionHandler - 无状态：{"status":200,"data":{"show":"1","sphereUuid":"client-shanghai-test"}}
2022-05-13 19:08:48.031 [scheduling-1] INFO  c.f.c.handler.GlobalExceptionHandler - 无状态：{"status":200,"data":{"show":"1","sphereUuid":"client-shanghai-test"}}
2022-05-13 19:08:51.039 [scheduling-1] INFO  c.f.c.handler.GlobalExceptionHandler - 无状态：{"status":200,"data":{"show":"1","sphereUuid":"client-shanghai-test"}}
2022-05-13 19:08:54.027 [scheduling-1] INFO  c.f.c.handler.GlobalExceptionHandler - 无状态：{"status":200,"data":{"show":"1","sphereUuid":"client-shanghai-test"}}
2022-05-13 19:08:57.036 [scheduling-1] INFO  c.f.c.handler.GlobalExceptionHandler - 无状态：{"status":200,"data":{"show":"1","sphereUuid":"client-shanghai-test"}}
2022-05-13 19:09:00.006 [scheduling-1] INFO  c.f.c.handler.GlobalExceptionHandler - redis门店uuid：client-shanghai-test
2022-05-13 19:09:00.031 [scheduling-1] INFO  c.f.c.handler.GlobalExceptionHandler - 无状态：{"status":200,"data":{"show":"1","sphereUuid":"client-shanghai-test"}}
2022-05-13 19:09:03.029 [scheduling-1] INFO  c.f.c.handler.GlobalExceptionHandler - 无状态：{"status":200,"data":{"show":"1","sphereUuid":"client-shanghai-test"}}
2022-05-13 19:09:06.029 [scheduling-1] INFO  c.f.c.handler.GlobalExceptionHandler - 无状态：{"status":200,"data":{"show":"1","sphereUuid":"client-shanghai-test"}}
2022-05-13 19:09:09.029 [scheduling-1] INFO  c.f.c.handler.GlobalExceptionHandler - 无状态：{"status":200,"data":{"show":"1","sphereUuid":"client-shanghai-test"}}
2022-05-13 19:09:12.034 [scheduling-1] INFO  c.f.c.handler.GlobalExceptionHandler - 无状态：{"status":200,"data":{"show":"1","sphereUuid":"client-shanghai-test"}}
2022-05-13 19:09:15.028 [scheduling-1] INFO  c.f.c.handler.GlobalExceptionHandler - 无状态：{"status":200,"data":{"show":"1","sphereUuid":"client-shanghai-test"}}
2022-05-13 19:09:18.030 [scheduling-1] INFO  c.f.c.handler.GlobalExceptionHandler - 无状态：{"status":200,"data":{"show":"1","sphereUuid":"client-shanghai-test"}}
2022-05-13 19:09:21.031 [scheduling-1] INFO  c.f.c.handler.GlobalExceptionHandler - 无状态：{"status":200,"data":{"show":"1","sphereUuid":"client-shanghai-test"}}
2022-05-13 19:09:24.026 [scheduling-1] INFO  c.f.c.handler.GlobalExceptionHandler - 无状态：{"status":200,"data":{"show":"1","sphereUuid":"client-shanghai-test"}}
2022-05-13 19:09:27.028 [scheduling-1] INFO  c.f.c.handler.GlobalExceptionHandler - 无状态：{"status":200,"data":{"show":"1","sphereUuid":"client-shanghai-test"}}
2022-05-13 19:09:30.028 [scheduling-1] INFO  c.f.c.handler.GlobalExceptionHandler - 无状态：{"status":200,"data":{"show":"1","sphereUuid":"client-shanghai-test"}}
2022-05-13 19:09:33.026 [scheduling-1] INFO  c.f.c.handler.GlobalExceptionHandler - 无状态：{"status":200,"data":{"show":"1","sphereUuid":"client-shanghai-test"}}
2022-05-13 19:09:36.054 [scheduling-1] INFO  c.f.c.handler.GlobalExceptionHandler - 无状态：{"status":200,"data":{"show":"1","sphereUuid":"client-shanghai-test"}}
2022-05-13 19:09:39.026 [scheduling-1] INFO  c.f.c.handler.GlobalExceptionHandler - 无状态：{"status":200,"data":{"show":"1","sphereUuid":"client-shanghai-test"}}
2022-05-13 19:09:42.035 [scheduling-1] INFO  c.f.c.handler.GlobalExceptionHandler - 无状态：{"status":200,"data":{"show":"1","sphereUuid":"client-shanghai-test"}}
2022-05-13 19:09:45.025 [scheduling-1] INFO  c.f.c.handler.GlobalExceptionHandler - 无状态：{"status":200,"data":{"show":"1","sphereUuid":"client-shanghai-test"}}
2022-05-13 19:09:48.029 [scheduling-1] INFO  c.f.c.handler.GlobalExceptionHandler - 无状态：{"status":200,"data":{"show":"1","sphereUuid":"client-shanghai-test"}}
2022-05-13 19:09:51.030 [scheduling-1] INFO  c.f.c.handler.GlobalExceptionHandler - 无状态：{"status":200,"data":{"show":"1","sphereUuid":"client-shanghai-test"}}
2022-05-13 19:09:54.029 [scheduling-1] INFO  c.f.c.handler.GlobalExceptionHandler - 无状态：{"status":200,"data":{"show":"1","sphereUuid":"client-shanghai-test"}}
2022-05-13 19:09:57.034 [scheduling-1] INFO  c.f.c.handler.GlobalExceptionHandler - 无状态：{"status":200,"data":{"show":"1","sphereUuid":"client-shanghai-test"}}
2022-05-13 19:10:00.007 [scheduling-1] INFO  c.f.c.handler.GlobalExceptionHandler - redis门店uuid：client-shanghai-test
2022-05-13 19:10:00.031 [scheduling-1] INFO  c.f.c.handler.GlobalExceptionHandler - 无状态：{"status":200,"data":{"show":"1","sphereUuid":"client-shanghai-test"}}
2022-05-13 19:10:03.026 [scheduling-1] INFO  c.f.c.handler.GlobalExceptionHandler - 无状态：{"status":200,"data":{"show":"1","sphereUuid":"client-shanghai-test"}}
2022-05-13 19:10:06.031 [scheduling-1] INFO  c.f.c.handler.GlobalExceptionHandler - 无状态：{"status":200,"data":{"show":"1","sphereUuid":"client-shanghai-test"}}
